[Thread-19] 2024-09-26 15:08:15.896 INFO  o.s.s.c.ThreadPoolTaskScheduler - Shutting down ExecutorService 'taskScheduler'
[Thread-19] 2024-09-26 15:08:15.930 INFO  o.s.s.c.ThreadPoolTaskExecutor - Shutting down ExecutorService 'applicationTaskExecutor'
[Thread-17] 2024-09-26 15:08:15.941 INFO  com.xxl.job.core.server.EmbedServer - >>>>>>>>>>> xxl-job remoting server stop.
[xxl-job, executor ExecutorRegistryThread] 2024-09-26 15:08:15.947 INFO  c.x.j.c.t.ExecutorRegistryThread - >>>>>>>>>>> xxl-job registry-remove success, registryParam:RegistryParam{registryGroup='EXECUTOR', registryKey='default_token', registryValue='http://192.168.1.178:9997/'}, registryResult:ReturnT [code=200, msg=null, content=null]
[xxl-job, executor ExecutorRegistryThread] 2024-09-26 15:08:15.948 INFO  c.x.j.c.t.ExecutorRegistryThread - >>>>>>>>>>> xxl-job, executor registry thread destory.
[Thread-19] 2024-09-26 15:08:15.949 INFO  com.xxl.job.core.server.EmbedServer - >>>>>>>>>>> xxl-job remoting server destroy success.
[xxl-job, executor JobLogFileCleanThread] 2024-09-26 15:08:15.957 INFO  c.x.j.c.t.JobLogFileCleanThread - >>>>>>>>>>> xxl-job, executor JobLogFileCleanThread thread destory.
[xxl-job, executor TriggerCallbackThread] 2024-09-26 15:08:15.960 INFO  c.x.j.c.t.TriggerCallbackThread - >>>>>>>>>>> xxl-job, executor callback thread destory.
[Thread-16] 2024-09-26 15:08:15.961 INFO  c.x.j.c.t.TriggerCallbackThread - >>>>>>>>>>> xxl-job, executor retry callback thread destory.
[main] 2024-09-26 15:08:38.716 INFO  com.wzf.BigEventApplication - Starting BigEventApplication on DESKTOP-14FSICQ with PID 19048 (E:\program_WorkSpace\big-event\target\classes started by DELL in E:\program_WorkSpace\big-event)
[main] 2024-09-26 15:08:38.719 INFO  com.wzf.BigEventApplication - No active profile set, falling back to default profiles: default
[main] 2024-09-26 15:08:39.539 INFO  o.s.d.r.c.RepositoryConfigurationDelegate - Multiple Spring Data modules found, entering strict repository configuration mode!
[main] 2024-09-26 15:08:39.542 INFO  o.s.d.r.c.RepositoryConfigurationDelegate - Bootstrapping Spring Data repositories in DEFAULT mode.
[main] 2024-09-26 15:08:39.569 INFO  o.s.d.r.c.RepositoryConfigurationDelegate - Finished Spring Data repository scanning in 12ms. Found 0 repository interfaces.
[main] 2024-09-26 15:08:39.927 INFO  o.s.c.s.PostProcessorRegistrationDelegate$BeanPostProcessorChecker - Bean 'org.springframework.transaction.annotation.ProxyTransactionManagementConfiguration' of type [org.springframework.transaction.annotation.ProxyTransactionManagementConfiguration$$EnhancerBySpringCGLIB$$4f01784d] is not eligible for getting processed by all BeanPostProcessors (for example: not eligible for auto-proxying)
[main] 2024-09-26 15:08:40.725 INFO  o.s.b.w.e.tomcat.TomcatWebServer - Tomcat initialized with port(s): 9998 (http)
[main] 2024-09-26 15:08:40.751 INFO  o.a.coyote.http11.Http11NioProtocol - Initializing ProtocolHandler ["http-nio-9998"]
[main] 2024-09-26 15:08:40.763 INFO  o.a.catalina.core.StandardService - Starting service [Tomcat]
[main] 2024-09-26 15:08:40.763 INFO  o.a.catalina.core.StandardEngine - Starting Servlet engine: [Apache Tomcat/9.0.21]
[main] 2024-09-26 15:08:40.899 INFO  o.a.c.c.C.[Tomcat].[localhost].[/] - Initializing Spring embedded WebApplicationContext
[main] 2024-09-26 15:08:40.899 INFO  o.s.web.context.ContextLoader - Root WebApplicationContext: initialization completed in 1945 ms
[main] 2024-09-26 15:08:41.795 INFO  o.s.s.c.ThreadPoolTaskExecutor - Initializing ExecutorService 'applicationTaskExecutor'
[main] 2024-09-26 15:08:42.255 INFO  o.s.s.c.ThreadPoolTaskScheduler - Initializing ExecutorService 'taskScheduler'
[main] 2024-09-26 15:08:42.310 INFO  c.x.j.core.executor.XxlJobExecutor - >>>>>>>>>>> xxl-job register jobhandler success, name:xxlJobTask, jobHandler:com.xxl.job.core.handler.impl.MethodJobHandler@3ce7490a[class com.wzf.scheduled.XxlJobSchdduled#execute]
[main] 2024-09-26 15:08:42.371 INFO  o.a.coyote.http11.Http11NioProtocol - Starting ProtocolHandler ["http-nio-9998"]
[main] 2024-09-26 15:08:42.389 INFO  o.s.b.w.e.tomcat.TomcatWebServer - Tomcat started on port(s): 9998 (http) with context path ''
[main] 2024-09-26 15:08:42.393 INFO  com.wzf.BigEventApplication - Started BigEventApplication in 4.481 seconds (JVM running for 6.367)
[Thread-13] 2024-09-26 15:08:44.981 INFO  com.xxl.job.core.server.EmbedServer - >>>>>>>>>>> xxl-job remoting server start success, nettype = class com.xxl.job.core.server.EmbedServer, port = 9997
[Thread-15] 2024-09-26 15:16:08.295 INFO  o.s.s.c.ThreadPoolTaskScheduler - Shutting down ExecutorService 'taskScheduler'
[Thread-15] 2024-09-26 15:16:08.301 INFO  o.s.s.c.ThreadPoolTaskExecutor - Shutting down ExecutorService 'applicationTaskExecutor'
[Thread-13] 2024-09-26 15:16:08.305 INFO  com.xxl.job.core.server.EmbedServer - >>>>>>>>>>> xxl-job remoting server stop.
[xxl-job, executor ExecutorRegistryThread] 2024-09-26 15:16:08.315 INFO  c.x.j.c.t.ExecutorRegistryThread - >>>>>>>>>>> xxl-job registry-remove success, registryParam:RegistryParam{registryGroup='EXECUTOR', registryKey='default_token', registryValue='http://192.168.1.178:9997/'}, registryResult:ReturnT [code=200, msg=null, content=null]
[xxl-job, executor ExecutorRegistryThread] 2024-09-26 15:16:08.316 INFO  c.x.j.c.t.ExecutorRegistryThread - >>>>>>>>>>> xxl-job, executor registry thread destory.
[Thread-15] 2024-09-26 15:16:08.316 INFO  com.xxl.job.core.server.EmbedServer - >>>>>>>>>>> xxl-job remoting server destroy success.
[xxl-job, executor JobLogFileCleanThread] 2024-09-26 15:16:08.316 INFO  c.x.j.c.t.JobLogFileCleanThread - >>>>>>>>>>> xxl-job, executor JobLogFileCleanThread thread destory.
[xxl-job, executor TriggerCallbackThread] 2024-09-26 15:16:08.317 INFO  c.x.j.c.t.TriggerCallbackThread - >>>>>>>>>>> xxl-job, executor callback thread destory.
[Thread-12] 2024-09-26 15:16:08.318 INFO  c.x.j.c.t.TriggerCallbackThread - >>>>>>>>>>> xxl-job, executor retry callback thread destory.
[main] 2024-09-26 15:16:45.716 INFO  com.wzf.BigEventApplication - Starting BigEventApplication on DESKTOP-14FSICQ with PID 20524 (E:\program_WorkSpace\big-event\target\classes started by DELL in E:\program_WorkSpace\big-event)
[main] 2024-09-26 15:16:45.720 INFO  com.wzf.BigEventApplication - No active profile set, falling back to default profiles: default
[main] 2024-09-26 15:16:46.980 INFO  o.s.d.r.c.RepositoryConfigurationDelegate - Multiple Spring Data modules found, entering strict repository configuration mode!
[main] 2024-09-26 15:16:46.982 INFO  o.s.d.r.c.RepositoryConfigurationDelegate - Bootstrapping Spring Data repositories in DEFAULT mode.
[main] 2024-09-26 15:16:47.020 INFO  o.s.d.r.c.RepositoryConfigurationDelegate - Finished Spring Data repository scanning in 18ms. Found 0 repository interfaces.
[main] 2024-09-26 15:16:47.567 INFO  o.s.c.s.PostProcessorRegistrationDelegate$BeanPostProcessorChecker - Bean 'org.springframework.transaction.annotation.ProxyTransactionManagementConfiguration' of type [org.springframework.transaction.annotation.ProxyTransactionManagementConfiguration$$EnhancerBySpringCGLIB$$c9b7a77b] is not eligible for getting processed by all BeanPostProcessors (for example: not eligible for auto-proxying)
[main] 2024-09-26 15:16:48.290 INFO  o.s.b.w.e.tomcat.TomcatWebServer - Tomcat initialized with port(s): 9998 (http)
[main] 2024-09-26 15:16:48.310 INFO  o.a.coyote.http11.Http11NioProtocol - Initializing ProtocolHandler ["http-nio-9998"]
[main] 2024-09-26 15:16:48.325 INFO  o.a.catalina.core.StandardService - Starting service [Tomcat]
[main] 2024-09-26 15:16:48.325 INFO  o.a.catalina.core.StandardEngine - Starting Servlet engine: [Apache Tomcat/9.0.21]
[main] 2024-09-26 15:16:48.571 INFO  o.a.c.c.C.[Tomcat].[localhost].[/] - Initializing Spring embedded WebApplicationContext
[main] 2024-09-26 15:16:48.572 INFO  o.s.web.context.ContextLoader - Root WebApplicationContext: initialization completed in 2441 ms
[main] 2024-09-26 15:16:50.190 INFO  o.s.s.c.ThreadPoolTaskExecutor - Initializing ExecutorService 'applicationTaskExecutor'
[main] 2024-09-26 15:16:50.838 INFO  o.s.s.c.ThreadPoolTaskScheduler - Initializing ExecutorService 'taskScheduler'
[main] 2024-09-26 15:16:50.909 INFO  c.x.j.core.executor.XxlJobExecutor - >>>>>>>>>>> xxl-job register jobhandler success, name:xxlJobTask, jobHandler:com.xxl.job.core.handler.impl.MethodJobHandler@5464b97c[class com.wzf.scheduled.XxlJobSchdduled#execute]
[main] 2024-09-26 15:16:51.016 INFO  o.a.coyote.http11.Http11NioProtocol - Starting ProtocolHandler ["http-nio-9998"]
[main] 2024-09-26 15:16:51.058 INFO  o.s.b.w.e.tomcat.TomcatWebServer - Tomcat started on port(s): 9998 (http) with context path ''
[main] 2024-09-26 15:16:51.064 INFO  com.wzf.BigEventApplication - Started BigEventApplication in 6.657 seconds (JVM running for 9.278)
[Thread-16] 2024-09-26 15:16:55.031 INFO  com.xxl.job.core.server.EmbedServer - >>>>>>>>>>> xxl-job remoting server start success, nettype = class com.xxl.job.core.server.EmbedServer, port = 9997
[http-nio-9998-exec-2] 2024-09-26 15:18:24.138 INFO  o.a.c.c.C.[Tomcat].[localhost].[/] - Initializing Spring DispatcherServlet 'dispatcherServlet'
[http-nio-9998-exec-2] 2024-09-26 15:18:24.139 INFO  o.s.web.servlet.DispatcherServlet - Initializing Servlet 'dispatcherServlet'
[http-nio-9998-exec-2] 2024-09-26 15:18:24.152 INFO  o.s.web.servlet.DispatcherServlet - Completed initialization in 13 ms
[http-nio-9998-exec-2] 2024-09-26 15:18:24.292 INFO  com.zaxxer.hikari.HikariDataSource - HikariPool-1 - Starting...
[http-nio-9998-exec-2] 2024-09-26 15:18:24.452 INFO  com.zaxxer.hikari.HikariDataSource - HikariPool-1 - Start completed.
[HikariPool-1 housekeeper] 2024-09-26 15:28:47.685 WARN  com.zaxxer.hikari.pool.HikariPool - HikariPool-1 - Thread starvation or clock leap detected (housekeeper delta=46s330ms260µs100ns).
[Thread-18] 2024-09-26 15:28:47.788 INFO  o.s.s.c.ThreadPoolTaskScheduler - Shutting down ExecutorService 'taskScheduler'
[Thread-18] 2024-09-26 15:28:47.790 INFO  o.s.s.c.ThreadPoolTaskExecutor - Shutting down ExecutorService 'applicationTaskExecutor'
[Thread-16] 2024-09-26 15:28:47.791 INFO  com.xxl.job.core.server.EmbedServer - >>>>>>>>>>> xxl-job remoting server stop.
[xxl-job, executor ExecutorRegistryThread] 2024-09-26 15:28:47.796 INFO  c.x.j.c.t.ExecutorRegistryThread - >>>>>>>>>>> xxl-job registry-remove success, registryParam:RegistryParam{registryGroup='EXECUTOR', registryKey='default_token', registryValue='http://192.168.1.178:9997/'}, registryResult:ReturnT [code=200, msg=null, content=null]
[xxl-job, executor ExecutorRegistryThread] 2024-09-26 15:28:47.797 INFO  c.x.j.c.t.ExecutorRegistryThread - >>>>>>>>>>> xxl-job, executor registry thread destory.
[Thread-18] 2024-09-26 15:28:47.799 INFO  com.xxl.job.core.server.EmbedServer - >>>>>>>>>>> xxl-job remoting server destroy success.
[xxl-job, executor JobLogFileCleanThread] 2024-09-26 15:28:47.802 INFO  c.x.j.c.t.JobLogFileCleanThread - >>>>>>>>>>> xxl-job, executor JobLogFileCleanThread thread destory.
[xxl-job, executor TriggerCallbackThread] 2024-09-26 15:28:47.810 INFO  c.x.j.c.t.TriggerCallbackThread - >>>>>>>>>>> xxl-job, executor callback thread destory.
[Thread-15] 2024-09-26 15:28:47.819 INFO  c.x.j.c.t.TriggerCallbackThread - >>>>>>>>>>> xxl-job, executor retry callback thread destory.
[Thread-18] 2024-09-26 15:28:47.820 INFO  com.zaxxer.hikari.HikariDataSource - HikariPool-1 - Shutdown initiated...
[Thread-18] 2024-09-26 15:28:47.837 INFO  com.zaxxer.hikari.HikariDataSource - HikariPool-1 - Shutdown completed.
[main] 2024-09-26 15:29:00.239 INFO  com.wzf.BigEventApplication - Starting BigEventApplication on DESKTOP-14FSICQ with PID 8408 (E:\program_WorkSpace\big-event\target\classes started by DELL in E:\program_WorkSpace\big-event)
[main] 2024-09-26 15:29:00.242 INFO  com.wzf.BigEventApplication - No active profile set, falling back to default profiles: default
[main] 2024-09-26 15:29:01.002 INFO  o.s.d.r.c.RepositoryConfigurationDelegate - Multiple Spring Data modules found, entering strict repository configuration mode!
[main] 2024-09-26 15:29:01.003 INFO  o.s.d.r.c.RepositoryConfigurationDelegate - Bootstrapping Spring Data repositories in DEFAULT mode.
[main] 2024-09-26 15:29:01.029 INFO  o.s.d.r.c.RepositoryConfigurationDelegate - Finished Spring Data repository scanning in 14ms. Found 0 repository interfaces.
[main] 2024-09-26 15:29:01.394 INFO  o.s.c.s.PostProcessorRegistrationDelegate$BeanPostProcessorChecker - Bean 'org.springframework.transaction.annotation.ProxyTransactionManagementConfiguration' of type [org.springframework.transaction.annotation.ProxyTransactionManagementConfiguration$$EnhancerBySpringCGLIB$$4ae399b2] is not eligible for getting processed by all BeanPostProcessors (for example: not eligible for auto-proxying)
[main] 2024-09-26 15:29:01.926 INFO  o.s.b.w.e.tomcat.TomcatWebServer - Tomcat initialized with port(s): 9998 (http)
[main] 2024-09-26 15:29:01.952 INFO  o.a.coyote.http11.Http11NioProtocol - Initializing ProtocolHandler ["http-nio-9998"]
[main] 2024-09-26 15:29:01.972 INFO  o.a.catalina.core.StandardService - Starting service [Tomcat]
[main] 2024-09-26 15:29:01.972 INFO  o.a.catalina.core.StandardEngine - Starting Servlet engine: [Apache Tomcat/9.0.21]
[main] 2024-09-26 15:29:02.188 INFO  o.a.c.c.C.[Tomcat].[localhost].[/] - Initializing Spring embedded WebApplicationContext
[main] 2024-09-26 15:29:02.189 INFO  o.s.web.context.ContextLoader - Root WebApplicationContext: initialization completed in 1707 ms
[main] 2024-09-26 15:29:03.297 INFO  o.s.s.c.ThreadPoolTaskExecutor - Initializing ExecutorService 'applicationTaskExecutor'
[main] 2024-09-26 15:29:03.856 INFO  o.s.s.c.ThreadPoolTaskScheduler - Initializing ExecutorService 'taskScheduler'
[main] 2024-09-26 15:29:03.918 INFO  c.x.j.core.executor.XxlJobExecutor - >>>>>>>>>>> xxl-job register jobhandler success, name:xxlJobTask, jobHandler:com.xxl.job.core.handler.impl.MethodJobHandler@208e5b23[class com.wzf.scheduled.XxlJobSchdduled#execute]
[main] 2024-09-26 15:29:03.989 INFO  o.a.coyote.http11.Http11NioProtocol - Starting ProtocolHandler ["http-nio-9998"]
[main] 2024-09-26 15:29:04.013 INFO  o.s.b.w.e.tomcat.TomcatWebServer - Tomcat started on port(s): 9998 (http) with context path ''
[main] 2024-09-26 15:29:04.018 INFO  com.wzf.BigEventApplication - Started BigEventApplication in 4.52 seconds (JVM running for 6.635)
[Thread-13] 2024-09-26 15:29:07.246 INFO  com.xxl.job.core.server.EmbedServer - >>>>>>>>>>> xxl-job remoting server start success, nettype = class com.xxl.job.core.server.EmbedServer, port = 9997
[http-nio-9998-exec-1] 2024-09-26 15:29:13.107 INFO  o.a.c.c.C.[Tomcat].[localhost].[/] - Initializing Spring DispatcherServlet 'dispatcherServlet'
[http-nio-9998-exec-1] 2024-09-26 15:29:13.108 INFO  o.s.web.servlet.DispatcherServlet - Initializing Servlet 'dispatcherServlet'
[http-nio-9998-exec-1] 2024-09-26 15:29:13.125 INFO  o.s.web.servlet.DispatcherServlet - Completed initialization in 17 ms
[http-nio-9998-exec-1] 2024-09-26 15:29:29.289 INFO  com.zaxxer.hikari.HikariDataSource - HikariPool-1 - Starting...
[http-nio-9998-exec-1] 2024-09-26 15:29:29.854 INFO  com.zaxxer.hikari.HikariDataSource - HikariPool-1 - Start completed.
[main] 2024-09-26 15:32:30.558 INFO  com.wzf.ScheduleTest - Starting ScheduleTest on DESKTOP-14FSICQ with PID 33036 (started by DELL in E:\program_WorkSpace\big-event)
[main] 2024-09-26 15:32:30.559 INFO  com.wzf.ScheduleTest - No active profile set, falling back to default profiles: default
[main] 2024-09-26 15:32:31.666 INFO  o.s.d.r.c.RepositoryConfigurationDelegate - Multiple Spring Data modules found, entering strict repository configuration mode!
[main] 2024-09-26 15:32:31.671 INFO  o.s.d.r.c.RepositoryConfigurationDelegate - Bootstrapping Spring Data repositories in DEFAULT mode.
[main] 2024-09-26 15:32:31.713 INFO  o.s.d.r.c.RepositoryConfigurationDelegate - Finished Spring Data repository scanning in 20ms. Found 0 repository interfaces.
[main] 2024-09-26 15:32:32.369 INFO  o.s.c.s.PostProcessorRegistrationDelegate$BeanPostProcessorChecker - Bean 'org.springframework.transaction.annotation.ProxyTransactionManagementConfiguration' of type [org.springframework.transaction.annotation.ProxyTransactionManagementConfiguration$$EnhancerBySpringCGLIB$$e8fcd147] is not eligible for getting processed by all BeanPostProcessors (for example: not eligible for auto-proxying)
[main] 2024-09-26 15:32:35.072 INFO  o.s.s.c.ThreadPoolTaskExecutor - Initializing ExecutorService 'applicationTaskExecutor'
[main] 2024-09-26 15:32:36.014 INFO  o.s.s.c.ThreadPoolTaskScheduler - Initializing ExecutorService 'taskScheduler'
[main] 2024-09-26 15:32:36.138 INFO  c.x.j.core.executor.XxlJobExecutor - >>>>>>>>>>> xxl-job register jobhandler success, name:xxlJobTask, jobHandler:com.xxl.job.core.handler.impl.MethodJobHandler@df432ec[class com.wzf.scheduled.XxlJobSchdduled#execute]
[main] 2024-09-26 15:32:36.276 INFO  com.wzf.ScheduleTest - Started ScheduleTest in 6.77 seconds (JVM running for 10.604)
[Thread-15] 2024-09-26 15:32:46.358 INFO  o.s.s.c.ThreadPoolTaskScheduler - Shutting down ExecutorService 'taskScheduler'
[Thread-15] 2024-09-26 15:32:46.360 INFO  o.s.s.c.ThreadPoolTaskExecutor - Shutting down ExecutorService 'applicationTaskExecutor'
[Thread-13] 2024-09-26 15:32:46.362 INFO  com.xxl.job.core.server.EmbedServer - >>>>>>>>>>> xxl-job remoting server stop.
[xxl-job, executor ExecutorRegistryThread] 2024-09-26 15:32:46.366 INFO  c.x.j.c.t.ExecutorRegistryThread - >>>>>>>>>>> xxl-job registry-remove success, registryParam:RegistryParam{registryGroup='EXECUTOR', registryKey='default_token', registryValue='http://192.168.1.178:9997/'}, registryResult:ReturnT [code=200, msg=null, content=null]
[xxl-job, executor ExecutorRegistryThread] 2024-09-26 15:32:46.367 INFO  c.x.j.c.t.ExecutorRegistryThread - >>>>>>>>>>> xxl-job, executor registry thread destory.
[Thread-15] 2024-09-26 15:32:46.367 INFO  com.xxl.job.core.server.EmbedServer - >>>>>>>>>>> xxl-job remoting server destroy success.
[xxl-job, executor JobLogFileCleanThread] 2024-09-26 15:32:46.367 INFO  c.x.j.c.t.JobLogFileCleanThread - >>>>>>>>>>> xxl-job, executor JobLogFileCleanThread thread destory.
[xxl-job, executor TriggerCallbackThread] 2024-09-26 15:32:46.368 INFO  c.x.j.c.t.TriggerCallbackThread - >>>>>>>>>>> xxl-job, executor callback thread destory.
[Thread-12] 2024-09-26 15:32:46.368 INFO  c.x.j.c.t.TriggerCallbackThread - >>>>>>>>>>> xxl-job, executor retry callback thread destory.
[Thread-15] 2024-09-26 15:32:46.371 INFO  com.zaxxer.hikari.HikariDataSource - HikariPool-1 - Shutdown initiated...
[Thread-15] 2024-09-26 15:32:46.382 INFO  com.zaxxer.hikari.HikariDataSource - HikariPool-1 - Shutdown completed.
[Thread-7] 2024-09-26 15:32:46.592 INFO  o.s.s.c.ThreadPoolTaskScheduler - Shutting down ExecutorService 'taskScheduler'
[Thread-7] 2024-09-26 15:32:46.593 INFO  o.s.s.c.ThreadPoolTaskExecutor - Shutting down ExecutorService 'applicationTaskExecutor'
[Thread-7] 2024-09-26 15:32:46.599 ERROR c.x.j.core.executor.XxlJobExecutor - null
java.lang.NullPointerException: null
	at com.xxl.job.core.thread.ExecutorRegistryThread.toStop(ExecutorRegistryThread.java:117)
	at com.xxl.job.core.server.EmbedServer.stopRegistry(EmbedServer.java:262)
	at com.xxl.job.core.server.EmbedServer.stop(EmbedServer.java:124)
	at com.xxl.job.core.executor.XxlJobExecutor.stopEmbedServer(XxlJobExecutor.java:158)
	at com.xxl.job.core.executor.XxlJobExecutor.destroy(XxlJobExecutor.java:85)
	at com.xxl.job.core.executor.impl.XxlJobSpringExecutor.destroy(XxlJobSpringExecutor.java:55)
	at org.springframework.beans.factory.support.DisposableBeanAdapter.destroy(DisposableBeanAdapter.java:258)
	at org.springframework.beans.factory.support.DefaultSingletonBeanRegistry.destroyBean(DefaultSingletonBeanRegistry.java:571)
	at org.springframework.beans.factory.support.DefaultSingletonBeanRegistry.destroySingleton(DefaultSingletonBeanRegistry.java:543)
	at org.springframework.beans.factory.support.DefaultListableBeanFactory.destroySingleton(DefaultListableBeanFactory.java:1036)
	at org.springframework.beans.factory.support.DefaultSingletonBeanRegistry.destroySingletons(DefaultSingletonBeanRegistry.java:504)
	at org.springframework.beans.factory.support.DefaultListableBeanFactory.destroySingletons(DefaultListableBeanFactory.java:1029)
	at org.springframework.context.support.AbstractApplicationContext.destroyBeans(AbstractApplicationContext.java:1057)
	at org.springframework.context.support.AbstractApplicationContext.doClose(AbstractApplicationContext.java:1026)
	at org.springframework.context.support.AbstractApplicationContext$1.run(AbstractApplicationContext.java:945)
[xxl-job, executor JobLogFileCleanThread] 2024-09-26 15:32:46.600 INFO  c.x.j.c.t.JobLogFileCleanThread - >>>>>>>>>>> xxl-job, executor JobLogFileCleanThread thread destory.
[xxl-job, executor TriggerCallbackThread] 2024-09-26 15:32:46.601 INFO  c.x.j.c.t.TriggerCallbackThread - >>>>>>>>>>> xxl-job, executor callback thread destory.
[Thread-5] 2024-09-26 15:32:46.601 INFO  c.x.j.c.t.TriggerCallbackThread - >>>>>>>>>>> xxl-job, executor retry callback thread destory.
[main] 2024-09-26 15:33:01.152 INFO  com.wzf.BigEventApplication - Starting BigEventApplication on DESKTOP-14FSICQ with PID 20248 (E:\program_WorkSpace\big-event\target\classes started by DELL in E:\program_WorkSpace\big-event)
[main] 2024-09-26 15:33:01.155 INFO  com.wzf.BigEventApplication - No active profile set, falling back to default profiles: default
[main] 2024-09-26 15:33:01.993 INFO  o.s.d.r.c.RepositoryConfigurationDelegate - Multiple Spring Data modules found, entering strict repository configuration mode!
[main] 2024-09-26 15:33:01.996 INFO  o.s.d.r.c.RepositoryConfigurationDelegate - Bootstrapping Spring Data repositories in DEFAULT mode.
[main] 2024-09-26 15:33:02.026 INFO  o.s.d.r.c.RepositoryConfigurationDelegate - Finished Spring Data repository scanning in 16ms. Found 0 repository interfaces.
[main] 2024-09-26 15:33:02.393 INFO  o.s.c.s.PostProcessorRegistrationDelegate$BeanPostProcessorChecker - Bean 'org.springframework.transaction.annotation.ProxyTransactionManagementConfiguration' of type [org.springframework.transaction.annotation.ProxyTransactionManagementConfiguration$$EnhancerBySpringCGLIB$$178e271] is not eligible for getting processed by all BeanPostProcessors (for example: not eligible for auto-proxying)
[main] 2024-09-26 15:33:02.923 INFO  o.s.b.w.e.tomcat.TomcatWebServer - Tomcat initialized with port(s): 9998 (http)
[main] 2024-09-26 15:33:02.941 INFO  o.a.coyote.http11.Http11NioProtocol - Initializing ProtocolHandler ["http-nio-9998"]
[main] 2024-09-26 15:33:02.951 INFO  o.a.catalina.core.StandardService - Starting service [Tomcat]
[main] 2024-09-26 15:33:02.951 INFO  o.a.catalina.core.StandardEngine - Starting Servlet engine: [Apache Tomcat/9.0.21]
[main] 2024-09-26 15:33:03.103 INFO  o.a.c.c.C.[Tomcat].[localhost].[/] - Initializing Spring embedded WebApplicationContext
[main] 2024-09-26 15:33:03.103 INFO  o.s.web.context.ContextLoader - Root WebApplicationContext: initialization completed in 1647 ms
[main] 2024-09-26 15:33:04.001 INFO  o.s.s.c.ThreadPoolTaskExecutor - Initializing ExecutorService 'applicationTaskExecutor'
[main] 2024-09-26 15:33:04.447 INFO  o.s.s.c.ThreadPoolTaskScheduler - Initializing ExecutorService 'taskScheduler'
[main] 2024-09-26 15:33:04.500 INFO  c.x.j.core.executor.XxlJobExecutor - >>>>>>>>>>> xxl-job register jobhandler success, name:xxlJobTask, jobHandler:com.xxl.job.core.handler.impl.MethodJobHandler@7b79ff1c[class com.wzf.scheduled.XxlJobSchdduled#execute]
[main] 2024-09-26 15:33:04.576 INFO  o.a.coyote.http11.Http11NioProtocol - Starting ProtocolHandler ["http-nio-9998"]
[main] 2024-09-26 15:33:04.601 INFO  o.s.b.w.e.tomcat.TomcatWebServer - Tomcat started on port(s): 9998 (http) with context path ''
[main] 2024-09-26 15:33:04.606 INFO  com.wzf.BigEventApplication - Started BigEventApplication in 4.157 seconds (JVM running for 6.157)
[Thread-12] 2024-09-26 15:33:06.980 INFO  com.xxl.job.core.server.EmbedServer - >>>>>>>>>>> xxl-job remoting server start success, nettype = class com.xxl.job.core.server.EmbedServer, port = 9997
[http-nio-9998-exec-2] 2024-09-26 15:33:11.862 INFO  o.a.c.c.C.[Tomcat].[localhost].[/] - Initializing Spring DispatcherServlet 'dispatcherServlet'
[http-nio-9998-exec-2] 2024-09-26 15:33:11.862 INFO  o.s.web.servlet.DispatcherServlet - Initializing Servlet 'dispatcherServlet'
[http-nio-9998-exec-2] 2024-09-26 15:33:11.873 INFO  o.s.web.servlet.DispatcherServlet - Completed initialization in 11 ms
[Thread-15] 2024-09-26 15:46:02.731 INFO  o.s.s.c.ThreadPoolTaskScheduler - Shutting down ExecutorService 'taskScheduler'
[Thread-15] 2024-09-26 15:46:02.733 INFO  o.s.s.c.ThreadPoolTaskExecutor - Shutting down ExecutorService 'applicationTaskExecutor'
[Thread-12] 2024-09-26 15:46:02.735 INFO  com.xxl.job.core.server.EmbedServer - >>>>>>>>>>> xxl-job remoting server stop.
[xxl-job, executor ExecutorRegistryThread] 2024-09-26 15:46:02.738 INFO  c.x.j.c.t.ExecutorRegistryThread - >>>>>>>>>>> xxl-job registry-remove success, registryParam:RegistryParam{registryGroup='EXECUTOR', registryKey='default_token', registryValue='http://192.168.1.178:9997/'}, registryResult:ReturnT [code=200, msg=null, content=null]
[xxl-job, executor ExecutorRegistryThread] 2024-09-26 15:46:02.739 INFO  c.x.j.c.t.ExecutorRegistryThread - >>>>>>>>>>> xxl-job, executor registry thread destory.
[Thread-15] 2024-09-26 15:46:02.739 INFO  com.xxl.job.core.server.EmbedServer - >>>>>>>>>>> xxl-job remoting server destroy success.
[xxl-job, executor JobLogFileCleanThread] 2024-09-26 15:46:02.740 INFO  c.x.j.c.t.JobLogFileCleanThread - >>>>>>>>>>> xxl-job, executor JobLogFileCleanThread thread destory.
[xxl-job, executor TriggerCallbackThread] 2024-09-26 15:46:02.740 INFO  c.x.j.c.t.TriggerCallbackThread - >>>>>>>>>>> xxl-job, executor callback thread destory.
[Thread-11] 2024-09-26 15:46:02.741 INFO  c.x.j.c.t.TriggerCallbackThread - >>>>>>>>>>> xxl-job, executor retry callback thread destory.
[main] 2024-09-26 15:46:08.972 INFO  com.wzf.BigEventApplication - Starting BigEventApplication on DESKTOP-14FSICQ with PID 29268 (E:\program_WorkSpace\big-event\target\classes started by DELL in E:\program_WorkSpace\big-event)
[main] 2024-09-26 15:46:08.976 INFO  com.wzf.BigEventApplication - No active profile set, falling back to default profiles: default
[main] 2024-09-26 15:46:09.753 INFO  o.s.d.r.c.RepositoryConfigurationDelegate - Multiple Spring Data modules found, entering strict repository configuration mode!
[main] 2024-09-26 15:46:09.755 INFO  o.s.d.r.c.RepositoryConfigurationDelegate - Bootstrapping Spring Data repositories in DEFAULT mode.
[main] 2024-09-26 15:46:09.780 INFO  o.s.d.r.c.RepositoryConfigurationDelegate - Finished Spring Data repository scanning in 13ms. Found 0 repository interfaces.
[main] 2024-09-26 15:46:10.102 INFO  o.s.c.s.PostProcessorRegistrationDelegate$BeanPostProcessorChecker - Bean 'org.springframework.transaction.annotation.ProxyTransactionManagementConfiguration' of type [org.springframework.transaction.annotation.ProxyTransactionManagementConfiguration$$EnhancerBySpringCGLIB$$7bbdeec6] is not eligible for getting processed by all BeanPostProcessors (for example: not eligible for auto-proxying)
[main] 2024-09-26 15:46:10.582 INFO  o.s.b.w.e.tomcat.TomcatWebServer - Tomcat initialized with port(s): 8080 (http)
[main] 2024-09-26 15:46:10.598 INFO  o.a.coyote.http11.Http11NioProtocol - Initializing ProtocolHandler ["http-nio-8080"]
[main] 2024-09-26 15:46:10.609 INFO  o.a.catalina.core.StandardService - Starting service [Tomcat]
[main] 2024-09-26 15:46:10.610 INFO  o.a.catalina.core.StandardEngine - Starting Servlet engine: [Apache Tomcat/9.0.21]
[main] 2024-09-26 15:46:10.768 INFO  o.a.c.c.C.[Tomcat].[localhost].[/] - Initializing Spring embedded WebApplicationContext
[main] 2024-09-26 15:46:10.768 INFO  o.s.web.context.ContextLoader - Root WebApplicationContext: initialization completed in 1550 ms
[main] 2024-09-26 15:46:11.609 INFO  o.s.s.c.ThreadPoolTaskExecutor - Initializing ExecutorService 'applicationTaskExecutor'
[main] 2024-09-26 15:46:12.001 INFO  o.s.s.c.ThreadPoolTaskScheduler - Initializing ExecutorService 'taskScheduler'
[main] 2024-09-26 15:46:12.044 INFO  c.x.j.core.executor.XxlJobExecutor - >>>>>>>>>>> xxl-job register jobhandler success, name:xxlJobTask, jobHandler:com.xxl.job.core.handler.impl.MethodJobHandler@286a4c52[class com.wzf.scheduled.XxlJobSchdduled#execute]
[main] 2024-09-26 15:46:12.119 INFO  o.a.coyote.http11.Http11NioProtocol - Starting ProtocolHandler ["http-nio-8080"]
[main] 2024-09-26 15:46:12.123 ERROR o.a.catalina.util.LifecycleBase - Failed to start component [Connector[HTTP/1.1-8080]]
org.apache.catalina.LifecycleException: Protocol handler start failed
	at org.apache.catalina.connector.Connector.startInternal(Connector.java:1008)
	at org.apache.catalina.util.LifecycleBase.start(LifecycleBase.java:183)
	at org.apache.catalina.core.StandardService.addConnector(StandardService.java:227)
	at org.springframework.boot.web.embedded.tomcat.TomcatWebServer.addPreviouslyRemovedConnectors(TomcatWebServer.java:263)
	at org.springframework.boot.web.embedded.tomcat.TomcatWebServer.start(TomcatWebServer.java:195)
	at org.springframework.boot.web.servlet.context.ServletWebServerApplicationContext.startWebServer(ServletWebServerApplicationContext.java:296)
	at org.springframework.boot.web.servlet.context.ServletWebServerApplicationContext.finishRefresh(ServletWebServerApplicationContext.java:162)
	at org.springframework.context.support.AbstractApplicationContext.refresh(AbstractApplicationContext.java:552)
	at org.springframework.boot.web.servlet.context.ServletWebServerApplicationContext.refresh(ServletWebServerApplicationContext.java:140)
	at org.springframework.boot.SpringApplication.refresh(SpringApplication.java:742)
	at org.springframework.boot.SpringApplication.refreshContext(SpringApplication.java:389)
	at org.springframework.boot.SpringApplication.run(SpringApplication.java:311)
	at org.springframework.boot.SpringApplication.run(SpringApplication.java:1213)
	at org.springframework.boot.SpringApplication.run(SpringApplication.java:1202)
	at com.wzf.BigEventApplication.main(BigEventApplication.java:12)
Caused by: java.net.BindException: Address already in use: bind
	at sun.nio.ch.Net.bind0(Native Method)
	at sun.nio.ch.Net.bind(Net.java:438)
	at sun.nio.ch.Net.bind(Net.java:430)
	at sun.nio.ch.ServerSocketChannelImpl.bind(ServerSocketChannelImpl.java:225)
	at sun.nio.ch.ServerSocketAdaptor.bind(ServerSocketAdaptor.java:74)
	at org.apache.tomcat.util.net.NioEndpoint.initServerSocket(NioEndpoint.java:230)
	at org.apache.tomcat.util.net.NioEndpoint.bind(NioEndpoint.java:213)
	at org.apache.tomcat.util.net.AbstractEndpoint.bindWithCleanup(AbstractEndpoint.java:1124)
	at org.apache.tomcat.util.net.AbstractEndpoint.start(AbstractEndpoint.java:1210)
	at org.apache.coyote.AbstractProtocol.start(AbstractProtocol.java:585)
	at org.apache.catalina.connector.Connector.startInternal(Connector.java:1005)
	... 14 common frames omitted
[main] 2024-09-26 15:46:12.128 INFO  o.a.coyote.http11.Http11NioProtocol - Pausing ProtocolHandler ["http-nio-8080"]
[main] 2024-09-26 15:46:12.129 INFO  o.a.catalina.core.StandardService - Stopping service [Tomcat]
[main] 2024-09-26 15:46:12.134 INFO  o.a.catalina.util.LifecycleBase - The stop() method was called on component [StandardServer[-1]] after stop() had already been called. The second call will be ignored.
[main] 2024-09-26 15:46:12.135 INFO  o.a.coyote.http11.Http11NioProtocol - Stopping ProtocolHandler ["http-nio-8080"]
[main] 2024-09-26 15:46:12.135 INFO  o.a.coyote.http11.Http11NioProtocol - Destroying ProtocolHandler ["http-nio-8080"]
[main] 2024-09-26 15:46:12.139 INFO  o.s.b.a.l.ConditionEvaluationReportLoggingListener - 

Error starting ApplicationContext. To display the conditions report re-run your application with 'debug' enabled.
[main] 2024-09-26 15:46:12.143 ERROR o.s.b.d.LoggingFailureAnalysisReporter - 

***************************
APPLICATION FAILED TO START
***************************

Description:

The Tomcat connector configured to listen on port 8080 failed to start. The port may already be in use or the connector may be misconfigured.

Action:

Verify the connector's configuration, identify and stop any process that's listening on port 8080, or configure this application to listen on another port.

[main] 2024-09-26 15:46:12.146 INFO  o.s.s.c.ThreadPoolTaskScheduler - Shutting down ExecutorService 'taskScheduler'
[main] 2024-09-26 15:46:12.146 INFO  o.s.s.c.ThreadPoolTaskExecutor - Shutting down ExecutorService 'applicationTaskExecutor'
[main] 2024-09-26 15:46:12.148 ERROR c.x.j.core.executor.XxlJobExecutor - null
java.lang.NullPointerException: null
	at com.xxl.job.core.thread.ExecutorRegistryThread.toStop(ExecutorRegistryThread.java:117)
	at com.xxl.job.core.server.EmbedServer.stopRegistry(EmbedServer.java:262)
	at com.xxl.job.core.server.EmbedServer.stop(EmbedServer.java:124)
	at com.xxl.job.core.executor.XxlJobExecutor.stopEmbedServer(XxlJobExecutor.java:158)
	at com.xxl.job.core.executor.XxlJobExecutor.destroy(XxlJobExecutor.java:85)
	at com.xxl.job.core.executor.impl.XxlJobSpringExecutor.destroy(XxlJobSpringExecutor.java:55)
	at org.springframework.beans.factory.support.DisposableBeanAdapter.destroy(DisposableBeanAdapter.java:258)
	at org.springframework.beans.factory.support.DefaultSingletonBeanRegistry.destroyBean(DefaultSingletonBeanRegistry.java:571)
	at org.springframework.beans.factory.support.DefaultSingletonBeanRegistry.destroySingleton(DefaultSingletonBeanRegistry.java:543)
	at org.springframework.beans.factory.support.DefaultListableBeanFactory.destroySingleton(DefaultListableBeanFactory.java:1036)
	at org.springframework.beans.factory.support.DefaultSingletonBeanRegistry.destroySingletons(DefaultSingletonBeanRegistry.java:504)
	at org.springframework.beans.factory.support.DefaultListableBeanFactory.destroySingletons(DefaultListableBeanFactory.java:1029)
	at org.springframework.context.support.AbstractApplicationContext.destroyBeans(AbstractApplicationContext.java:1057)
	at org.springframework.context.support.AbstractApplicationContext.doClose(AbstractApplicationContext.java:1026)
	at org.springframework.context.support.AbstractApplicationContext.close(AbstractApplicationContext.java:975)
	at org.springframework.boot.SpringApplication.handleRunFailure(SpringApplication.java:798)
	at org.springframework.boot.SpringApplication.run(SpringApplication.java:321)
	at org.springframework.boot.SpringApplication.run(SpringApplication.java:1213)
	at org.springframework.boot.SpringApplication.run(SpringApplication.java:1202)
	at com.wzf.BigEventApplication.main(BigEventApplication.java:12)
[xxl-job, executor JobLogFileCleanThread] 2024-09-26 15:46:12.148 INFO  c.x.j.c.t.JobLogFileCleanThread - >>>>>>>>>>> xxl-job, executor JobLogFileCleanThread thread destory.
[xxl-job, executor TriggerCallbackThread] 2024-09-26 15:46:12.148 INFO  c.x.j.c.t.TriggerCallbackThread - >>>>>>>>>>> xxl-job, executor callback thread destory.
[Thread-11] 2024-09-26 15:46:12.148 INFO  c.x.j.c.t.TriggerCallbackThread - >>>>>>>>>>> xxl-job, executor retry callback thread destory.
[main] 2024-09-26 15:51:16.098 INFO  com.wzf.BigEventApplication - Starting BigEventApplication on DESKTOP-14FSICQ with PID 22144 (E:\program_WorkSpace\big-event\target\classes started by DELL in E:\program_WorkSpace\big-event)
[main] 2024-09-26 15:51:16.103 INFO  com.wzf.BigEventApplication - No active profile set, falling back to default profiles: default
[main] 2024-09-26 15:51:17.041 INFO  o.s.d.r.c.RepositoryConfigurationDelegate - Multiple Spring Data modules found, entering strict repository configuration mode!
[main] 2024-09-26 15:51:17.046 INFO  o.s.d.r.c.RepositoryConfigurationDelegate - Bootstrapping Spring Data repositories in DEFAULT mode.
[main] 2024-09-26 15:51:17.120 INFO  o.s.d.r.c.RepositoryConfigurationDelegate - Finished Spring Data repository scanning in 33ms. Found 0 repository interfaces.
[main] 2024-09-26 15:51:17.641 INFO  o.s.c.s.PostProcessorRegistrationDelegate$BeanPostProcessorChecker - Bean 'org.springframework.transaction.annotation.ProxyTransactionManagementConfiguration' of type [org.springframework.transaction.annotation.ProxyTransactionManagementConfiguration$$EnhancerBySpringCGLIB$$a41b4923] is not eligible for getting processed by all BeanPostProcessors (for example: not eligible for auto-proxying)
[main] 2024-09-26 15:51:18.759 INFO  o.s.b.w.e.tomcat.TomcatWebServer - Tomcat initialized with port(s): 8080 (http)
[main] 2024-09-26 15:51:19.410 INFO  o.a.coyote.http11.Http11NioProtocol - Initializing ProtocolHandler ["http-nio-8080"]
[main] 2024-09-26 15:51:19.435 INFO  o.a.catalina.core.StandardService - Starting service [Tomcat]
[main] 2024-09-26 15:51:19.436 INFO  o.a.catalina.core.StandardEngine - Starting Servlet engine: [Apache Tomcat/9.0.21]
[main] 2024-09-26 15:51:20.900 INFO  o.a.c.c.C.[Tomcat].[localhost].[/] - Initializing Spring embedded WebApplicationContext
[main] 2024-09-26 15:51:20.900 INFO  o.s.web.context.ContextLoader - Root WebApplicationContext: initialization completed in 4756 ms
[main] 2024-09-26 15:51:23.517 INFO  o.s.s.c.ThreadPoolTaskExecutor - Initializing ExecutorService 'applicationTaskExecutor'
[main] 2024-09-26 15:51:24.070 INFO  o.s.s.c.ThreadPoolTaskScheduler - Initializing ExecutorService 'taskScheduler'
[main] 2024-09-26 15:51:24.123 INFO  o.a.coyote.http11.Http11NioProtocol - Starting ProtocolHandler ["http-nio-8080"]
[main] 2024-09-26 15:51:24.149 INFO  o.s.b.w.e.tomcat.TomcatWebServer - Tomcat started on port(s): 8080 (http) with context path ''
[main] 2024-09-26 15:51:24.151 INFO  com.wzf.BigEventApplication - Started BigEventApplication in 8.879 seconds (JVM running for 10.958)
[http-nio-8080-exec-2] 2024-09-26 15:51:42.171 INFO  o.a.c.c.C.[Tomcat].[localhost].[/] - Initializing Spring DispatcherServlet 'dispatcherServlet'
[http-nio-8080-exec-2] 2024-09-26 15:51:42.171 INFO  o.s.web.servlet.DispatcherServlet - Initializing Servlet 'dispatcherServlet'
[http-nio-8080-exec-2] 2024-09-26 15:51:42.183 INFO  o.s.web.servlet.DispatcherServlet - Completed initialization in 12 ms
[http-nio-8080-exec-3] 2024-09-26 15:52:20.771 INFO  io.lettuce.core.EpollProvider - Starting without optional epoll library
[http-nio-8080-exec-3] 2024-09-26 15:52:20.773 INFO  io.lettuce.core.KqueueProvider - Starting without optional kqueue library
[Thread-10] 2024-09-26 15:55:30.206 INFO  o.s.s.c.ThreadPoolTaskScheduler - Shutting down ExecutorService 'taskScheduler'
[Thread-10] 2024-09-26 15:55:30.208 INFO  o.s.s.c.ThreadPoolTaskExecutor - Shutting down ExecutorService 'applicationTaskExecutor'
[main] 2024-09-26 15:55:45.495 INFO  com.wzf.BigEventApplication - Starting BigEventApplication on DESKTOP-14FSICQ with PID 34640 (E:\program_WorkSpace\big-event\target\classes started by DELL in E:\program_WorkSpace\big-event)
[main] 2024-09-26 15:55:45.500 INFO  com.wzf.BigEventApplication - No active profile set, falling back to default profiles: default
[main] 2024-09-26 15:55:46.218 INFO  o.s.d.r.c.RepositoryConfigurationDelegate - Multiple Spring Data modules found, entering strict repository configuration mode!
[main] 2024-09-26 15:55:46.220 INFO  o.s.d.r.c.RepositoryConfigurationDelegate - Bootstrapping Spring Data repositories in DEFAULT mode.
[main] 2024-09-26 15:55:46.250 INFO  o.s.d.r.c.RepositoryConfigurationDelegate - Finished Spring Data repository scanning in 15ms. Found 0 repository interfaces.
[main] 2024-09-26 15:55:46.617 INFO  o.s.c.s.PostProcessorRegistrationDelegate$BeanPostProcessorChecker - Bean 'org.springframework.transaction.annotation.ProxyTransactionManagementConfiguration' of type [org.springframework.transaction.annotation.ProxyTransactionManagementConfiguration$$EnhancerBySpringCGLIB$$a51b433c] is not eligible for getting processed by all BeanPostProcessors (for example: not eligible for auto-proxying)
[main] 2024-09-26 15:55:47.058 INFO  o.s.b.w.e.tomcat.TomcatWebServer - Tomcat initialized with port(s): 8080 (http)
[main] 2024-09-26 15:55:47.071 INFO  o.a.coyote.http11.Http11NioProtocol - Initializing ProtocolHandler ["http-nio-8080"]
[main] 2024-09-26 15:55:47.081 INFO  o.a.catalina.core.StandardService - Starting service [Tomcat]
[main] 2024-09-26 15:55:47.082 INFO  o.a.catalina.core.StandardEngine - Starting Servlet engine: [Apache Tomcat/9.0.21]
[main] 2024-09-26 15:55:47.207 INFO  o.a.c.c.C.[Tomcat].[localhost].[/] - Initializing Spring embedded WebApplicationContext
[main] 2024-09-26 15:55:47.207 INFO  o.s.web.context.ContextLoader - Root WebApplicationContext: initialization completed in 1475 ms
[main] 2024-09-26 15:55:48.051 INFO  o.s.s.c.ThreadPoolTaskExecutor - Initializing ExecutorService 'applicationTaskExecutor'
[main] 2024-09-26 15:55:48.465 INFO  o.s.s.c.ThreadPoolTaskScheduler - Initializing ExecutorService 'taskScheduler'
[main] 2024-09-26 15:55:48.525 INFO  o.a.coyote.http11.Http11NioProtocol - Starting ProtocolHandler ["http-nio-8080"]
[main] 2024-09-26 15:55:48.549 INFO  o.s.b.w.e.tomcat.TomcatWebServer - Tomcat started on port(s): 8080 (http) with context path ''
[main] 2024-09-26 15:55:48.551 INFO  com.wzf.BigEventApplication - Started BigEventApplication in 3.74 seconds (JVM running for 5.66)
[http-nio-8080-exec-2] 2024-09-26 15:56:20.443 INFO  o.a.c.c.C.[Tomcat].[localhost].[/] - Initializing Spring DispatcherServlet 'dispatcherServlet'
[http-nio-8080-exec-2] 2024-09-26 15:56:20.443 INFO  o.s.web.servlet.DispatcherServlet - Initializing Servlet 'dispatcherServlet'
[http-nio-8080-exec-2] 2024-09-26 15:56:20.454 INFO  o.s.web.servlet.DispatcherServlet - Completed initialization in 10 ms
[http-nio-8080-exec-2] 2024-09-26 15:56:33.589 INFO  com.zaxxer.hikari.HikariDataSource - HikariPool-1 - Starting...
[http-nio-8080-exec-2] 2024-09-26 15:56:33.723 INFO  com.zaxxer.hikari.HikariDataSource - HikariPool-1 - Start completed.
[Thread-10] 2024-09-26 15:56:35.994 INFO  o.s.s.c.ThreadPoolTaskScheduler - Shutting down ExecutorService 'taskScheduler'
[Thread-10] 2024-09-26 15:56:35.996 INFO  o.s.s.c.ThreadPoolTaskExecutor - Shutting down ExecutorService 'applicationTaskExecutor'
[Thread-10] 2024-09-26 15:56:35.997 INFO  com.zaxxer.hikari.HikariDataSource - HikariPool-1 - Shutdown initiated...
[Thread-10] 2024-09-26 15:56:36.004 INFO  com.zaxxer.hikari.HikariDataSource - HikariPool-1 - Shutdown completed.
[main] 2024-09-26 15:58:05.889 INFO  com.wzf.BigEventApplication - Starting BigEventApplication on DESKTOP-14FSICQ with PID 21408 (E:\program_WorkSpace\big-event\target\classes started by DELL in E:\program_WorkSpace\big-event)
[main] 2024-09-26 15:58:05.892 INFO  com.wzf.BigEventApplication - No active profile set, falling back to default profiles: default
[main] 2024-09-26 15:58:06.660 INFO  o.s.d.r.c.RepositoryConfigurationDelegate - Multiple Spring Data modules found, entering strict repository configuration mode!
[main] 2024-09-26 15:58:06.662 INFO  o.s.d.r.c.RepositoryConfigurationDelegate - Bootstrapping Spring Data repositories in DEFAULT mode.
[main] 2024-09-26 15:58:06.687 INFO  o.s.d.r.c.RepositoryConfigurationDelegate - Finished Spring Data repository scanning in 11ms. Found 0 repository interfaces.
[main] 2024-09-26 15:58:07.031 INFO  o.s.c.s.PostProcessorRegistrationDelegate$BeanPostProcessorChecker - Bean 'org.springframework.transaction.annotation.ProxyTransactionManagementConfiguration' of type [org.springframework.transaction.annotation.ProxyTransactionManagementConfiguration$$EnhancerBySpringCGLIB$$e9798520] is not eligible for getting processed by all BeanPostProcessors (for example: not eligible for auto-proxying)
[main] 2024-09-26 15:58:07.508 INFO  o.s.b.w.e.tomcat.TomcatWebServer - Tomcat initialized with port(s): 8080 (http)
[main] 2024-09-26 15:58:07.522 INFO  o.a.coyote.http11.Http11NioProtocol - Initializing ProtocolHandler ["http-nio-8080"]
[main] 2024-09-26 15:58:07.531 INFO  o.a.catalina.core.StandardService - Starting service [Tomcat]
[main] 2024-09-26 15:58:07.532 INFO  o.a.catalina.core.StandardEngine - Starting Servlet engine: [Apache Tomcat/9.0.21]
[main] 2024-09-26 15:58:07.667 INFO  o.a.c.c.C.[Tomcat].[localhost].[/] - Initializing Spring embedded WebApplicationContext
[main] 2024-09-26 15:58:07.667 INFO  o.s.web.context.ContextLoader - Root WebApplicationContext: initialization completed in 1522 ms
[main] 2024-09-26 15:58:08.520 INFO  o.s.s.c.ThreadPoolTaskExecutor - Initializing ExecutorService 'applicationTaskExecutor'
[main] 2024-09-26 15:58:08.924 INFO  o.s.s.c.ThreadPoolTaskScheduler - Initializing ExecutorService 'taskScheduler'
[main] 2024-09-26 15:58:08.988 INFO  o.a.coyote.http11.Http11NioProtocol - Starting ProtocolHandler ["http-nio-8080"]
[main] 2024-09-26 15:58:09.011 INFO  o.s.b.w.e.tomcat.TomcatWebServer - Tomcat started on port(s): 8080 (http) with context path ''
[main] 2024-09-26 15:58:09.014 INFO  com.wzf.BigEventApplication - Started BigEventApplication in 3.931 seconds (JVM running for 6.116)
[http-nio-8080-exec-1] 2024-09-26 15:58:15.665 INFO  o.a.c.c.C.[Tomcat].[localhost].[/] - Initializing Spring DispatcherServlet 'dispatcherServlet'
[http-nio-8080-exec-1] 2024-09-26 15:58:15.665 INFO  o.s.web.servlet.DispatcherServlet - Initializing Servlet 'dispatcherServlet'
[http-nio-8080-exec-1] 2024-09-26 15:58:15.676 INFO  o.s.web.servlet.DispatcherServlet - Completed initialization in 11 ms
[http-nio-8080-exec-1] 2024-09-26 15:58:19.763 INFO  com.zaxxer.hikari.HikariDataSource - HikariPool-1 - Starting...
[http-nio-8080-exec-1] 2024-09-26 15:58:19.884 INFO  com.zaxxer.hikari.HikariDataSource - HikariPool-1 - Start completed.
[http-nio-8080-exec-1] 2024-09-26 15:58:21.285 INFO  io.lettuce.core.EpollProvider - Starting without optional epoll library
[http-nio-8080-exec-1] 2024-09-26 15:58:21.288 INFO  io.lettuce.core.KqueueProvider - Starting without optional kqueue library
[http-nio-8080-exec-4] 2024-09-26 15:58:27.467 INFO  com.wzf.aspect.RateLimitAspect - 流量控制策略范围内
[Thread-10] 2024-09-26 15:59:06.564 INFO  o.s.s.c.ThreadPoolTaskScheduler - Shutting down ExecutorService 'taskScheduler'
[Thread-10] 2024-09-26 15:59:06.566 INFO  o.s.s.c.ThreadPoolTaskExecutor - Shutting down ExecutorService 'applicationTaskExecutor'
[Thread-10] 2024-09-26 15:59:06.567 INFO  com.zaxxer.hikari.HikariDataSource - HikariPool-1 - Shutdown initiated...
[Thread-10] 2024-09-26 15:59:06.573 INFO  com.zaxxer.hikari.HikariDataSource - HikariPool-1 - Shutdown completed.
[main] 2024-09-26 15:59:15.996 INFO  com.wzf.BigEventApplication - Starting BigEventApplication on DESKTOP-14FSICQ with PID 19292 (E:\program_WorkSpace\big-event\target\classes started by DELL in E:\program_WorkSpace\big-event)
[main] 2024-09-26 15:59:16.001 INFO  com.wzf.BigEventApplication - No active profile set, falling back to default profiles: default
[main] 2024-09-26 15:59:16.982 INFO  o.s.d.r.c.RepositoryConfigurationDelegate - Multiple Spring Data modules found, entering strict repository configuration mode!
[main] 2024-09-26 15:59:16.986 INFO  o.s.d.r.c.RepositoryConfigurationDelegate - Bootstrapping Spring Data repositories in DEFAULT mode.
[main] 2024-09-26 15:59:17.020 INFO  o.s.d.r.c.RepositoryConfigurationDelegate - Finished Spring Data repository scanning in 15ms. Found 0 repository interfaces.
[main] 2024-09-26 15:59:17.535 INFO  o.s.c.s.PostProcessorRegistrationDelegate$BeanPostProcessorChecker - Bean 'org.springframework.transaction.annotation.ProxyTransactionManagementConfiguration' of type [org.springframework.transaction.annotation.ProxyTransactionManagementConfiguration$$EnhancerBySpringCGLIB$$f9d3e633] is not eligible for getting processed by all BeanPostProcessors (for example: not eligible for auto-proxying)
[main] 2024-09-26 15:59:18.055 INFO  o.s.b.w.e.tomcat.TomcatWebServer - Tomcat initialized with port(s): 9998 (http)
[main] 2024-09-26 15:59:18.081 INFO  o.a.coyote.http11.Http11NioProtocol - Initializing ProtocolHandler ["http-nio-9998"]
[main] 2024-09-26 15:59:18.111 INFO  o.a.catalina.core.StandardService - Starting service [Tomcat]
[main] 2024-09-26 15:59:18.111 INFO  o.a.catalina.core.StandardEngine - Starting Servlet engine: [Apache Tomcat/9.0.21]
[main] 2024-09-26 15:59:18.323 INFO  o.a.c.c.C.[Tomcat].[localhost].[/] - Initializing Spring embedded WebApplicationContext
[main] 2024-09-26 15:59:18.323 INFO  o.s.web.context.ContextLoader - Root WebApplicationContext: initialization completed in 2065 ms
[main] 2024-09-26 15:59:19.541 INFO  o.s.s.c.ThreadPoolTaskExecutor - Initializing ExecutorService 'applicationTaskExecutor'
[main] 2024-09-26 15:59:20.243 INFO  o.s.s.c.ThreadPoolTaskScheduler - Initializing ExecutorService 'taskScheduler'
[main] 2024-09-26 15:59:20.323 INFO  o.a.coyote.http11.Http11NioProtocol - Starting ProtocolHandler ["http-nio-9998"]
[main] 2024-09-26 15:59:20.357 INFO  o.s.b.w.e.tomcat.TomcatWebServer - Tomcat started on port(s): 9998 (http) with context path ''
[main] 2024-09-26 15:59:20.360 INFO  com.wzf.BigEventApplication - Started BigEventApplication in 5.134 seconds (JVM running for 7.496)
