[main] 2024-09-29 15:46:44.348 ERROR o.s.boot.SpringApplication - Application run failed
java.lang.IllegalStateException: Logback configuration error detected: 
ERROR in ch.qos.logback.core.pattern.parser.Compiler@33aeca0b - There is no conversion class registered for conversion word [P]
ERROR in ch.qos.logback.core.pattern.parser.Compiler@33aeca0b - [P] is not a valid conversion word
ERROR in ch.qos.logback.core.pattern.parser.Compiler@33aeca0b - There is no conversion class registered for conversion word [P]
ERROR in ch.qos.logback.core.pattern.parser.Compiler@33aeca0b - [P] is not a valid conversion word
ERROR in ch.qos.logback.core.pattern.parser.Compiler@33aeca0b - There is no conversion class registered for conversion word [P]
ERROR in ch.qos.logback.core.pattern.parser.Compiler@33aeca0b - [P] is not a valid conversion word
ERROR in ch.qos.logback.core.pattern.parser.Compiler@33aeca0b - There is no conversion class registered for conversion word [P]
ERROR in ch.qos.logback.core.pattern.parser.Compiler@33aeca0b - [P] is not a valid conversion word
ERROR in ch.qos.logback.core.pattern.parser.Compiler@33aeca0b - There is no conversion class registered for conversion word [P]
ERROR in ch.qos.logback.core.pattern.parser.Compiler@33aeca0b - [P] is not a valid conversion word
ERROR in ch.qos.logback.core.pattern.parser.Compiler@33aeca0b - There is no conversion class registered for conversion word [P]
ERROR in ch.qos.logback.core.pattern.parser.Compiler@33aeca0b - [P] is not a valid conversion word
ERROR in ch.qos.logback.core.pattern.parser.Compiler@33aeca0b - There is no conversion class registered for conversion word [P]
ERROR in ch.qos.logback.core.pattern.parser.Compiler@33aeca0b - [P] is not a valid conversion word
ERROR in ch.qos.logback.core.pattern.parser.Compiler@33aeca0b - There is no conversion class registered for conversion word [P]
ERROR in ch.qos.logback.core.pattern.parser.Compiler@33aeca0b - [P] is not a valid conversion word
ERROR in ch.qos.logback.core.pattern.parser.Compiler@33aeca0b - There is no conversion class registered for conversion word [P]
ERROR in ch.qos.logback.core.pattern.parser.Compiler@33aeca0b - [P] is not a valid conversion word
ERROR in ch.qos.logback.core.pattern.parser.Compiler@33aeca0b - There is no conversion class registered for conversion word [P]
ERROR in ch.qos.logback.core.pattern.parser.Compiler@33aeca0b - [P] is not a valid conversion word
ERROR in ch.qos.logback.core.pattern.parser.Compiler@33aeca0b - There is no conversion class registered for conversion word [P]
ERROR in ch.qos.logback.core.pattern.parser.Compiler@33aeca0b - [P] is not a valid conversion word
ERROR in ch.qos.logback.core.pattern.parser.Compiler@33aeca0b - There is no conversion class registered for conversion word [P]
ERROR in ch.qos.logback.core.pattern.parser.Compiler@33aeca0b - [P] is not a valid conversion word
	at org.springframework.boot.logging.logback.LogbackLoggingSystem.loadConfiguration(LogbackLoggingSystem.java:166)
	at org.springframework.boot.logging.AbstractLoggingSystem.initializeWithConventions(AbstractLoggingSystem.java:79)
	at org.springframework.boot.logging.AbstractLoggingSystem.initialize(AbstractLoggingSystem.java:59)
	at org.springframework.boot.logging.logback.LogbackLoggingSystem.initialize(LogbackLoggingSystem.java:117)
	at org.springframework.boot.context.logging.LoggingApplicationListener.initializeSystem(LoggingApplicationListener.java:279)
	at org.springframework.boot.context.logging.LoggingApplicationListener.initialize(LoggingApplicationListener.java:254)
	at org.springframework.boot.context.logging.LoggingApplicationListener.onApplicationEnvironmentPreparedEvent(LoggingApplicationListener.java:219)
	at org.springframework.boot.context.logging.LoggingApplicationListener.onApplicationEvent(LoggingApplicationListener.java:196)
	at org.springframework.context.event.SimpleApplicationEventMulticaster.doInvokeListener(SimpleApplicationEventMulticaster.java:172)
	at org.springframework.context.event.SimpleApplicationEventMulticaster.invokeListener(SimpleApplicationEventMulticaster.java:165)
	at org.springframework.context.event.SimpleApplicationEventMulticaster.multicastEvent(SimpleApplicationEventMulticaster.java:139)
	at org.springframework.context.event.SimpleApplicationEventMulticaster.multicastEvent(SimpleApplicationEventMulticaster.java:127)
	at org.springframework.boot.context.event.EventPublishingRunListener.environmentPrepared(EventPublishingRunListener.java:75)
	at org.springframework.boot.SpringApplicationRunListeners.environmentPrepared(SpringApplicationRunListeners.java:53)
	at org.springframework.boot.SpringApplication.prepareEnvironment(SpringApplication.java:340)
	at org.springframework.boot.SpringApplication.run(SpringApplication.java:304)
	at org.springframework.boot.SpringApplication.run(SpringApplication.java:1213)
	at org.springframework.boot.SpringApplication.run(SpringApplication.java:1202)
	at com.wzf.BigEventApplication.main(BigEventApplication.java:12)
